<?xml version="1.0" encoding="UTF-8"?>
<!-- Generated by org.testng.reporters.JUnitReportReporter -->
<testsuite hostname="RBL-LN-110473" failures="0" tests="3" name="SeleniumWeb.SubmitOrder" time="30.100" errors="0" timestamp="2025-07-20T15:40:04 IST" skipped="0">
  <testcase classname="SeleniumWeb.SubmitOrder" name="sumbmitOrder" time="13.754"/>
  <testcase classname="SeleniumWeb.SubmitOrder" name="orderHistoryTest" time="4.627"/>
  <testcase classname="SeleniumWeb.SubmitOrder" name="sumbmitOrder" time="11.719"/>
</testsuite> <!-- SeleniumWeb.SubmitOrder -->
