<?xml version="1.0" encoding="UTF-8"?>
<!-- Generated by org.testng.reporters.JUnitReportReporter -->
<testsuite hostname="RBL-LN-110473" failures="0" tests="1" name="SeleniumWeb.ErrorValidation" time="9.174" errors="0" timestamp="2025-07-17T22:51:10 IST" skipped="0">
  <testcase classname="SeleniumWeb.ErrorValidation" name="sumbmitOrder" time="9.174"/>
</testsuite> <!-- SeleniumWeb.ErrorValidation -->
