<?xml version="1.0" encoding="UTF-8"?>
<!-- Generated by org.testng.reporters.JUnitReportReporter -->
<testsuite hostname="RBL-LN-110473" failures="0" tests="3" name="SeleniumWeb.SubmitOrder" time="42.586" errors="0" timestamp="2025-07-28T10:08:22 GMT+05:30" skipped="0">
  <testcase classname="SeleniumWeb.SubmitOrder" name="sumbmitOrder" time="19.296"/>
  <testcase classname="SeleniumWeb.SubmitOrder" name="sumbmitOrder" time="18.191"/>
  <testcase classname="SeleniumWeb.SubmitOrder" name="orderHistoryTest" time="5.099"/>
</testsuite> <!-- SeleniumWeb.SubmitOrder -->
