<?xml version="1.0" encoding="UTF-8"?>
<!-- Generated by org.testng.reporters.JUnitReportReporter -->
<testsuite hostname="RBL-LN-110473" failures="0" tests="3" name="SeleniumWeb.SubmitOrder" time="34.454" errors="0" timestamp="2025-07-25T19:10:46 IST" skipped="0">
  <testcase classname="SeleniumWeb.SubmitOrder" name="orderHistoryTest" time="6.160"/>
  <testcase classname="SeleniumWeb.SubmitOrder" name="sumbmitOrder" time="13.710"/>
  <testcase classname="SeleniumWeb.SubmitOrder" name="sumbmitOrder" time="14.584"/>
</testsuite> <!-- SeleniumWeb.SubmitOrder -->
