<?xml version="1.0" encoding="UTF-8"?>
<!-- Generated by org.testng.reporters.JUnitReportReporter -->
<testsuite hostname="RBL-LN-110473" failures="0" tests="2" name="SeleniumWeb.ErrorValidation" time="18.579" errors="0" timestamp="2025-07-28T10:08:22 GMT+05:30" skipped="0">
  <testcase classname="SeleniumWeb.ErrorValidation" name="loginErrorValidation" time="11.368"/>
  <testcase classname="SeleniumWeb.ErrorValidation" name="productErrorValidation" time="7.211"/>
</testsuite> <!-- SeleniumWeb.ErrorValidation -->
