<?xml version="1.0" encoding="UTF-8"?>
<!-- Generated by org.testng.reporters.JUnitReportReporter -->
<testsuite hostname="RBL-LN-110473" failures="0" tests="2" name="SeleniumWeb.ErrorValidation" time="13.959" errors="0" timestamp="2025-07-25T19:10:46 IST" skipped="0">
  <testcase classname="SeleniumWeb.ErrorValidation" name="productErrorValidation" time="7.749"/>
  <testcase classname="SeleniumWeb.ErrorValidation" name="loginErrorValidation" time="6.210"/>
</testsuite> <!-- SeleniumWeb.ErrorValidation -->
